e:\gaosuxiangji_match\picmatch_modification\trackmatching\trackmatching1\trackmatching1\trackmatching1\debug\readtxt2.obj
e:\gaosuxiangji_match\picmatch_modification\trackmatching\trackmatching1\trackmatching1\trackmatching1\debug\vc100.pdb
e:\gaosuxiangji_match\picmatch_modification\trackmatching\trackmatching1\trackmatching1\debug\trackmatching1.ilk
e:\gaosuxiangji_match\picmatch_modification\trackmatching\trackmatching1\trackmatching1\debug\trackmatching1.exe
e:\gaosuxiangji_match\picmatch_modification\trackmatching\trackmatching1\trackmatching1\trackmatching1\debug\trackmatching1.exe.intermediate.manifest
e:\gaosuxiangji_match\picmatch_modification\trackmatching\trackmatching1\trackmatching1\debug\trackmatching1.pdb
e:\gaosuxiangji_match\picmatch_modification\trackmatching\trackmatching1\trackmatching1\trackmatching1\debug\trackmatching1.exe.embed.manifest
e:\gaosuxiangji_match\picmatch_modification\trackmatching\trackmatching1\trackmatching1\trackmatching1\debug\trackmatching1.exe.embed.manifest.res
e:\course\wocode\101259354readtxtfile\trackmatching1\trackmatching1\debug\readtxt2.obj
e:\course\wocode\101259354readtxtfile\trackmatching1\trackmatching1\debug\cl.command.1.tlog
e:\course\wocode\101259354readtxtfile\trackmatching1\trackmatching1\debug\cl.read.1.tlog
e:\course\wocode\101259354readtxtfile\trackmatching1\trackmatching1\debug\cl.write.1.tlog
e:\course\wocode\101259354readtxtfile\trackmatching1\trackmatching1\debug\link-cvtres.read.1.tlog
e:\course\wocode\101259354readtxtfile\trackmatching1\trackmatching1\debug\link-cvtres.write.1.tlog
e:\course\wocode\101259354readtxtfile\trackmatching1\trackmatching1\debug\link.27284-cvtres.read.1.tlog
e:\course\wocode\101259354readtxtfile\trackmatching1\trackmatching1\debug\link.27284-cvtres.write.1.tlog
e:\course\wocode\101259354readtxtfile\trackmatching1\trackmatching1\debug\link.27284.read.1.tlog
e:\course\wocode\101259354readtxtfile\trackmatching1\trackmatching1\debug\link.27284.write.1.tlog
e:\course\wocode\101259354readtxtfile\trackmatching1\trackmatching1\debug\link.command.1.tlog
e:\course\wocode\101259354readtxtfile\trackmatching1\trackmatching1\debug\link.read.1.tlog
e:\course\wocode\101259354readtxtfile\trackmatching1\trackmatching1\debug\link.write.1.tlog
e:\course\wocode\101259354readtxtfile\trackmatching1\trackmatching1\debug\mt.command.1.tlog
e:\course\wocode\101259354readtxtfile\trackmatching1\trackmatching1\debug\mt.read.1.tlog
e:\course\wocode\101259354readtxtfile\trackmatching1\trackmatching1\debug\mt.write.1.tlog
e:\course\wocode\101259354readtxtfile\trackmatching1\trackmatching1\debug\rc.command.1.tlog
e:\course\wocode\101259354readtxtfile\trackmatching1\trackmatching1\debug\rc.read.1.tlog
e:\course\wocode\101259354readtxtfile\trackmatching1\trackmatching1\debug\rc.write.1.tlog
e:\course\wocode\101259354readtxtfile\trackmatching1\trackmatching1\debug\trackmatching1.write.1.tlog
e:\course\wocode\101259354readtxtfile\trackmatching1\trackmatching1\debug\trackmatching1.exe.embed.manifest
e:\course\wocode\101259354readtxtfile\trackmatching1\trackmatching1\debug\trackmatching1.exe.intermediate.manifest
e:\course\wocode\101259354readtxtfile\trackmatching1\trackmatching1\debug\trackmatching1.exe.embed.manifest.res
e:\course\wocode\101259354readtxtfile\trackmatching1\trackmatching1\debug\vc100.idb
e:\course\wocode\101259354readtxtfile\trackmatching1\trackmatching1\debug\vc100.pdb
e:\course\wocode\101259354readtxtfile\trackmatching1\trackmatching1\debug\trackmatching1_manifest.rc
e:\course\wocode\101259354readtxtfile\trackmatching1\debug\trackmatching1.pdb
e:\course\wocode\101259354readtxtfile\trackmatching1\debug\trackmatching1.exe
e:\course\wocode\101259354readtxtfile\trackmatching1\debug\trackmatching1.ilk
